2024-10-10 19:20:04,973 [Worker-1] INFO  o.e.m.c.i.l.LifecycleMappingFactory - Using org.maven.ide.eclipse.wtp.WarLifecycleMapping lifecycle mapping for MavenProject: com.maven.farmacia:ProyectoJPAMavenMarNoche:0.0.1-SNAPSHOT @ D:\Users\GERARD ESTUDIOS\MIS ESTUDIOS\CARRERAS\CIBERTEC\CICLO 04\LENGUAJE PROGRAMACIÓN II\PROYECTOS_DE_CLASE\GERARD_LP2_MAVEN - copia\ProyectoMavenJPAPresencial-main\pom.xml.
2024-10-10 19:20:05,194 [Worker-1] INFO  o.e.m.c.i.e.AbstractTransferListenerAdapter - Downloading https://repo.maven.apache.org/maven2/com/smartnews/maven-jpa-entity-generator-plugin/0.99.9/maven-jpa-entity-generator-plugin-0.99.9.pom
2024-10-10 19:20:05,206 [Worker-1] INFO  o.e.m.c.i.e.AbstractTransferListenerAdapter - Downloaded https://repo.maven.apache.org/maven2/com/smartnews/maven-jpa-entity-generator-plugin/0.99.9/maven-jpa-entity-generator-plugin-0.99.9.pom
2024-10-10 19:20:05,226 [Worker-1] INFO  o.e.m.c.i.e.AbstractTransferListenerAdapter - Downloading https://repo.maven.apache.org/maven2/org/apache/maven/maven-plugin-api/3.5.4/maven-plugin-api-3.5.4.pom
2024-10-10 19:20:05,238 [Worker-1] INFO  o.e.m.c.i.e.AbstractTransferListenerAdapter - Downloaded https://repo.maven.apache.org/maven2/org/apache/maven/maven-plugin-api/3.5.4/maven-plugin-api-3.5.4.pom
2024-10-10 19:20:05,248 [Worker-1] INFO  o.e.m.c.i.e.AbstractTransferListenerAdapter - Downloading https://repo.maven.apache.org/maven2/org/apache/maven/maven/3.5.4/maven-3.5.4.pom
2024-10-10 19:20:05,264 [Worker-1] INFO  o.e.m.c.i.e.AbstractTransferListenerAdapter - Downloaded https://repo.maven.apache.org/maven2/org/apache/maven/maven/3.5.4/maven-3.5.4.pom
2024-10-10 19:20:05,272 [Worker-1] INFO  o.e.m.c.i.e.AbstractTransferListenerAdapter - Downloading https://repo.maven.apache.org/maven2/org/apache/maven/maven-parent/31/maven-parent-31.pom
2024-10-10 19:20:05,291 [Worker-1] INFO  o.e.m.c.i.e.AbstractTransferListenerAdapter - Downloaded https://repo.maven.apache.org/maven2/org/apache/maven/maven-parent/31/maven-parent-31.pom
2024-10-10 19:20:05,632 [Worker-1] INFO  o.e.m.c.i.e.AbstractTransferListenerAdapter - Downloading https://repo.maven.apache.org/maven2/org/apache/maven/maven-model/3.5.4/maven-model-3.5.4.pom
2024-10-10 19:20:05,642 [Worker-1] INFO  o.e.m.c.i.e.AbstractTransferListenerAdapter - Downloaded https://repo.maven.apache.org/maven2/org/apache/maven/maven-model/3.5.4/maven-model-3.5.4.pom
2024-10-10 19:20:05,660 [Worker-1] INFO  o.e.m.c.i.e.AbstractTransferListenerAdapter - Downloading https://repo.maven.apache.org/maven2/org/apache/commons/commons-lang3/3.5/commons-lang3-3.5.pom
2024-10-10 19:20:05,673 [Worker-1] INFO  o.e.m.c.i.e.AbstractTransferListenerAdapter - Downloaded https://repo.maven.apache.org/maven2/org/apache/commons/commons-lang3/3.5/commons-lang3-3.5.pom
2024-10-10 19:20:05,682 [Worker-1] INFO  o.e.m.c.i.e.AbstractTransferListenerAdapter - Downloading https://repo.maven.apache.org/maven2/org/apache/commons/commons-parent/41/commons-parent-41.pom
2024-10-10 19:20:05,707 [Worker-1] INFO  o.e.m.c.i.e.AbstractTransferListenerAdapter - Downloaded https://repo.maven.apache.org/maven2/org/apache/commons/commons-parent/41/commons-parent-41.pom
2024-10-10 19:20:05,737 [Worker-1] INFO  o.e.m.c.i.e.AbstractTransferListenerAdapter - Downloading https://repo.maven.apache.org/maven2/org/apache/maven/maven-artifact/3.5.4/maven-artifact-3.5.4.pom
2024-10-10 19:20:05,747 [Worker-1] INFO  o.e.m.c.i.e.AbstractTransferListenerAdapter - Downloaded https://repo.maven.apache.org/maven2/org/apache/maven/maven-artifact/3.5.4/maven-artifact-3.5.4.pom
2024-10-10 19:20:05,758 [Worker-1] INFO  o.e.m.c.i.e.AbstractTransferListenerAdapter - Downloading https://repo.maven.apache.org/maven2/org/eclipse/sisu/org.eclipse.sisu.plexus/0.3.3/org.eclipse.sisu.plexus-0.3.3.pom
2024-10-10 19:20:05,767 [Worker-1] INFO  o.e.m.c.i.e.AbstractTransferListenerAdapter - Downloaded https://repo.maven.apache.org/maven2/org/eclipse/sisu/org.eclipse.sisu.plexus/0.3.3/org.eclipse.sisu.plexus-0.3.3.pom
2024-10-10 19:20:05,777 [Worker-1] INFO  o.e.m.c.i.e.AbstractTransferListenerAdapter - Downloading https://repo.maven.apache.org/maven2/org/eclipse/sisu/sisu-plexus/0.3.3/sisu-plexus-0.3.3.pom
2024-10-10 19:20:05,790 [Worker-1] INFO  o.e.m.c.i.e.AbstractTransferListenerAdapter - Downloaded https://repo.maven.apache.org/maven2/org/eclipse/sisu/sisu-plexus/0.3.3/sisu-plexus-0.3.3.pom
2024-10-10 19:20:05,806 [Worker-1] INFO  o.e.m.c.i.e.AbstractTransferListenerAdapter - Downloading https://repo.maven.apache.org/maven2/javax/enterprise/cdi-api/1.0/cdi-api-1.0.pom
2024-10-10 19:20:05,820 [Worker-1] INFO  o.e.m.c.i.e.AbstractTransferListenerAdapter - Downloaded https://repo.maven.apache.org/maven2/javax/enterprise/cdi-api/1.0/cdi-api-1.0.pom
2024-10-10 19:20:05,841 [Worker-1] INFO  o.e.m.c.i.e.AbstractTransferListenerAdapter - Downloading https://repo.maven.apache.org/maven2/org/jboss/weld/weld-api-parent/1.0/weld-api-parent-1.0.pom
2024-10-10 19:20:05,850 [Worker-1] INFO  o.e.m.c.i.e.AbstractTransferListenerAdapter - Downloaded https://repo.maven.apache.org/maven2/org/jboss/weld/weld-api-parent/1.0/weld-api-parent-1.0.pom
2024-10-10 19:20:05,861 [Worker-1] INFO  o.e.m.c.i.e.AbstractTransferListenerAdapter - Downloading https://repo.maven.apache.org/maven2/org/jboss/weld/weld-api-bom/1.0/weld-api-bom-1.0.pom
2024-10-10 19:20:05,871 [Worker-1] INFO  o.e.m.c.i.e.AbstractTransferListenerAdapter - Downloaded https://repo.maven.apache.org/maven2/org/jboss/weld/weld-api-bom/1.0/weld-api-bom-1.0.pom
2024-10-10 19:20:05,881 [Worker-1] INFO  o.e.m.c.i.e.AbstractTransferListenerAdapter - Downloading https://repo.maven.apache.org/maven2/org/jboss/weld/weld-parent/6/weld-parent-6.pom
2024-10-10 19:20:05,892 [Worker-1] INFO  o.e.m.c.i.e.AbstractTransferListenerAdapter - Downloaded https://repo.maven.apache.org/maven2/org/jboss/weld/weld-parent/6/weld-parent-6.pom
2024-10-10 19:20:05,904 [Worker-1] INFO  o.e.m.c.i.e.AbstractTransferListenerAdapter - Downloading https://repo.maven.apache.org/maven2/javax/annotation/jsr250-api/1.0/jsr250-api-1.0.pom
2024-10-10 19:20:05,912 [Worker-1] INFO  o.e.m.c.i.e.AbstractTransferListenerAdapter - Downloaded https://repo.maven.apache.org/maven2/javax/annotation/jsr250-api/1.0/jsr250-api-1.0.pom
2024-10-10 19:20:05,925 [Worker-1] INFO  o.e.m.c.i.e.AbstractTransferListenerAdapter - Downloading https://repo.maven.apache.org/maven2/org/eclipse/sisu/org.eclipse.sisu.inject/0.3.3/org.eclipse.sisu.inject-0.3.3.pom
2024-10-10 19:20:05,942 [Worker-1] INFO  o.e.m.c.i.e.AbstractTransferListenerAdapter - Downloaded https://repo.maven.apache.org/maven2/org/eclipse/sisu/org.eclipse.sisu.inject/0.3.3/org.eclipse.sisu.inject-0.3.3.pom
2024-10-10 19:20:05,952 [Worker-1] INFO  o.e.m.c.i.e.AbstractTransferListenerAdapter - Downloading https://repo.maven.apache.org/maven2/org/eclipse/sisu/sisu-inject/0.3.3/sisu-inject-0.3.3.pom
2024-10-10 19:20:05,962 [Worker-1] INFO  o.e.m.c.i.e.AbstractTransferListenerAdapter - Downloaded https://repo.maven.apache.org/maven2/org/eclipse/sisu/sisu-inject/0.3.3/sisu-inject-0.3.3.pom
2024-10-10 19:20:05,971 [Worker-1] INFO  o.e.m.c.i.e.AbstractTransferListenerAdapter - Downloading https://repo.maven.apache.org/maven2/org/codehaus/plexus/plexus-utils/3.0.17/plexus-utils-3.0.17.pom
2024-10-10 19:20:05,979 [Worker-1] INFO  o.e.m.c.i.e.AbstractTransferListenerAdapter - Downloaded https://repo.maven.apache.org/maven2/org/codehaus/plexus/plexus-utils/3.0.17/plexus-utils-3.0.17.pom
2024-10-10 19:20:05,990 [Worker-1] INFO  o.e.m.c.i.e.AbstractTransferListenerAdapter - Downloading https://repo.maven.apache.org/maven2/com/smartnews/jpa-entity-generator/0.99.8/jpa-entity-generator-0.99.8.pom
2024-10-10 19:20:06,001 [Worker-1] INFO  o.e.m.c.i.e.AbstractTransferListenerAdapter - Downloaded https://repo.maven.apache.org/maven2/com/smartnews/jpa-entity-generator/0.99.8/jpa-entity-generator-0.99.8.pom
2024-10-10 19:20:06,049 [Worker-1] INFO  o.e.m.c.i.e.AbstractTransferListenerAdapter - Downloading https://repo.maven.apache.org/maven2/org/projectlombok/lombok/1.18.2/lombok-1.18.2.pom
2024-10-10 19:20:06,069 [Worker-1] INFO  o.e.m.c.i.e.AbstractTransferListenerAdapter - Downloaded https://repo.maven.apache.org/maven2/org/projectlombok/lombok/1.18.2/lombok-1.18.2.pom
2024-10-10 19:20:06,372 [Worker-1] INFO  o.e.m.c.i.e.AbstractTransferListenerAdapter - Downloading https://repo.maven.apache.org/maven2/com/smartnews/maven-jpa-entity-generator-plugin/0.99.9/maven-jpa-entity-generator-plugin-0.99.9.jar
2024-10-10 19:20:06,386 [Worker-1] INFO  o.e.m.c.i.e.AbstractTransferListenerAdapter - Downloaded https://repo.maven.apache.org/maven2/com/smartnews/maven-jpa-entity-generator-plugin/0.99.9/maven-jpa-entity-generator-plugin-0.99.9.jar
2024-10-10 19:20:06,392 [Worker-1] INFO  o.e.m.c.i.e.AbstractTransferListenerAdapter - Downloading https://repo.maven.apache.org/maven2/org/apache/maven/maven-plugin-api/3.5.4/maven-plugin-api-3.5.4.jar
2024-10-10 19:20:06,429 [Worker-1] INFO  o.e.m.c.i.e.AbstractTransferListenerAdapter - Downloaded https://repo.maven.apache.org/maven2/org/apache/maven/maven-plugin-api/3.5.4/maven-plugin-api-3.5.4.jar
2024-10-10 19:20:06,440 [Worker-1] INFO  o.e.m.c.i.e.AbstractTransferListenerAdapter - Downloading https://repo.maven.apache.org/maven2/org/apache/maven/maven-model/3.5.4/maven-model-3.5.4.jar
2024-10-10 19:20:06,520 [Worker-1] INFO  o.e.m.c.i.e.AbstractTransferListenerAdapter - Downloaded https://repo.maven.apache.org/maven2/org/apache/maven/maven-model/3.5.4/maven-model-3.5.4.jar
2024-10-10 19:20:06,525 [Worker-1] INFO  o.e.m.c.i.e.AbstractTransferListenerAdapter - Downloading https://repo.maven.apache.org/maven2/org/apache/maven/maven-artifact/3.5.4/maven-artifact-3.5.4.jar
2024-10-10 19:20:06,737 [Worker-1] INFO  o.e.m.c.i.e.AbstractTransferListenerAdapter - Downloaded https://repo.maven.apache.org/maven2/org/apache/maven/maven-artifact/3.5.4/maven-artifact-3.5.4.jar
2024-10-10 19:20:06,746 [Worker-1] INFO  o.e.m.c.i.e.AbstractTransferListenerAdapter - Downloading https://repo.maven.apache.org/maven2/org/eclipse/sisu/org.eclipse.sisu.plexus/0.3.3/org.eclipse.sisu.plexus-0.3.3.jar
2024-10-10 19:20:06,816 [Worker-1] INFO  o.e.m.c.i.e.AbstractTransferListenerAdapter - Downloaded https://repo.maven.apache.org/maven2/org/eclipse/sisu/org.eclipse.sisu.plexus/0.3.3/org.eclipse.sisu.plexus-0.3.3.jar
2024-10-10 19:20:06,821 [Worker-1] INFO  o.e.m.c.i.e.AbstractTransferListenerAdapter - Downloading https://repo.maven.apache.org/maven2/javax/enterprise/cdi-api/1.0/cdi-api-1.0.jar
2024-10-10 19:20:06,844 [Worker-1] INFO  o.e.m.c.i.e.AbstractTransferListenerAdapter - Downloaded https://repo.maven.apache.org/maven2/javax/enterprise/cdi-api/1.0/cdi-api-1.0.jar
2024-10-10 19:20:06,849 [Worker-1] INFO  o.e.m.c.i.e.AbstractTransferListenerAdapter - Downloading https://repo.maven.apache.org/maven2/javax/annotation/jsr250-api/1.0/jsr250-api-1.0.jar
2024-10-10 19:20:06,864 [Worker-1] INFO  o.e.m.c.i.e.AbstractTransferListenerAdapter - Downloaded https://repo.maven.apache.org/maven2/javax/annotation/jsr250-api/1.0/jsr250-api-1.0.jar
2024-10-10 19:20:06,869 [Worker-1] INFO  o.e.m.c.i.e.AbstractTransferListenerAdapter - Downloading https://repo.maven.apache.org/maven2/org/eclipse/sisu/org.eclipse.sisu.inject/0.3.3/org.eclipse.sisu.inject-0.3.3.jar
2024-10-10 19:20:06,971 [Worker-1] INFO  o.e.m.c.i.e.AbstractTransferListenerAdapter - Downloaded https://repo.maven.apache.org/maven2/org/eclipse/sisu/org.eclipse.sisu.inject/0.3.3/org.eclipse.sisu.inject-0.3.3.jar
2024-10-10 19:20:06,977 [Worker-1] INFO  o.e.m.c.i.e.AbstractTransferListenerAdapter - Downloading https://repo.maven.apache.org/maven2/com/smartnews/jpa-entity-generator/0.99.8/jpa-entity-generator-0.99.8.jar
2024-10-10 19:20:07,001 [Worker-1] INFO  o.e.m.c.i.e.AbstractTransferListenerAdapter - Downloaded https://repo.maven.apache.org/maven2/com/smartnews/jpa-entity-generator/0.99.8/jpa-entity-generator-0.99.8.jar
2024-10-10 19:20:07,007 [Worker-1] INFO  o.e.m.c.i.e.AbstractTransferListenerAdapter - Downloading https://repo.maven.apache.org/maven2/org/projectlombok/lombok/1.18.2/lombok-1.18.2.jar
2024-10-10 19:20:07,458 [Worker-1] INFO  o.e.m.c.i.e.AbstractTransferListenerAdapter - Downloaded https://repo.maven.apache.org/maven2/org/projectlombok/lombok/1.18.2/lombok-1.18.2.jar
2024-10-10 19:20:08,432 [Worker-1] WARN  o.e.a.i.i.DefaultRepositoryEventDispatcher - Failed to dispatch repository event to org.eclipse.m2e.core.internal.embedder.EclipseRepositoryListener: null
2024-10-10 19:20:09,260 [Worker-1] WARN  o.e.m.c.i.embedder.EclipseLogger - Using platform encoding (Cp1252 actually) to copy filtered resources, i.e. build is platform dependent!
2024-10-10 19:20:09,261 [Worker-1] INFO  o.e.m.c.i.embedder.EclipseLogger - skip non existing resourceDirectory D:\Users\GERARD ESTUDIOS\MIS ESTUDIOS\CARRERAS\CIBERTEC\CICLO 04\LENGUAJE PROGRAMACIÓN II\PROYECTOS_DE_CLASE\GERARD_LP2_MAVEN - copia\ProyectoMavenJPAPresencial-main\src\main\resources
2024-10-10 19:20:09,262 [Worker-1] WARN  o.e.m.c.i.embedder.EclipseLogger - Using platform encoding (Cp1252 actually) to copy filtered resources, i.e. build is platform dependent!
2024-10-10 19:20:09,262 [Worker-1] INFO  o.e.m.c.i.embedder.EclipseLogger - skip non existing resourceDirectory D:\Users\GERARD ESTUDIOS\MIS ESTUDIOS\CARRERAS\CIBERTEC\CICLO 04\LENGUAJE PROGRAMACIÓN II\PROYECTOS_DE_CLASE\GERARD_LP2_MAVEN - copia\ProyectoMavenJPAPresencial-main\src\test\resources
2024-10-10 19:20:09,778 [Worker-8] INFO  o.e.m.c.i.l.LifecycleMappingFactory - Using org.maven.ide.eclipse.wtp.WarLifecycleMapping lifecycle mapping for MavenProject: com.maven.farmacia:ProyectoJPAMavenMarNoche:0.0.1-SNAPSHOT @ D:\Users\GERARD ESTUDIOS\MIS ESTUDIOS\CARRERAS\CIBERTEC\CICLO 04\LENGUAJE PROGRAMACIÓN II\PROYECTOS_DE_CLASE\GERARD_LP2_MAVEN - copia\ProyectoMavenJPAPresencial-main\pom.xml.
2024-10-10 19:20:11,072 [Worker-5] WARN  o.e.m.c.i.embedder.EclipseLogger - Using platform encoding (Cp1252 actually) to copy filtered resources, i.e. build is platform dependent!
2024-10-10 19:20:11,073 [Worker-5] INFO  o.e.m.c.i.embedder.EclipseLogger - skip non existing resourceDirectory D:\Users\GERARD ESTUDIOS\MIS ESTUDIOS\CARRERAS\CIBERTEC\CICLO 04\LENGUAJE PROGRAMACIÓN II\PROYECTOS_DE_CLASE\GERARD_LP2_MAVEN - copia\ProyectoMavenJPAPresencial-main\src\main\resources
2024-10-10 19:20:11,074 [Worker-5] WARN  o.e.m.c.i.embedder.EclipseLogger - Using platform encoding (Cp1252 actually) to copy filtered resources, i.e. build is platform dependent!
2024-10-10 19:20:11,074 [Worker-5] INFO  o.e.m.c.i.embedder.EclipseLogger - skip non existing resourceDirectory D:\Users\GERARD ESTUDIOS\MIS ESTUDIOS\CARRERAS\CIBERTEC\CICLO 04\LENGUAJE PROGRAMACIÓN II\PROYECTOS_DE_CLASE\GERARD_LP2_MAVEN - copia\ProyectoMavenJPAPresencial-main\src\test\resources
2024-10-10 19:22:32,117 [Worker-6] WARN  o.e.m.c.i.embedder.EclipseLogger - Using platform encoding (Cp1252 actually) to copy filtered resources, i.e. build is platform dependent!
2024-10-10 19:22:32,118 [Worker-6] INFO  o.e.m.c.i.embedder.EclipseLogger - skip non existing resourceDirectory D:\Users\GERARD ESTUDIOS\MIS ESTUDIOS\CARRERAS\CIBERTEC\CICLO 04\LENGUAJE PROGRAMACIÓN II\PROYECTOS_DE_CLASE\GERARD_LP2_MAVEN - copia\ProyectoMavenJPAPresencial-main\src\main\resources
2024-10-10 19:22:32,119 [Worker-6] WARN  o.e.m.c.i.embedder.EclipseLogger - Using platform encoding (Cp1252 actually) to copy filtered resources, i.e. build is platform dependent!
2024-10-10 19:22:32,119 [Worker-6] INFO  o.e.m.c.i.embedder.EclipseLogger - skip non existing resourceDirectory D:\Users\GERARD ESTUDIOS\MIS ESTUDIOS\CARRERAS\CIBERTEC\CICLO 04\LENGUAJE PROGRAMACIÓN II\PROYECTOS_DE_CLASE\GERARD_LP2_MAVEN - copia\ProyectoMavenJPAPresencial-main\src\test\resources
2024-10-12 17:51:33,284 [Worker-2] WARN  o.e.m.c.i.embedder.EclipseLogger - Using platform encoding (Cp1252 actually) to copy filtered resources, i.e. build is platform dependent!
2024-10-12 17:51:33,291 [Worker-2] INFO  o.e.m.c.i.embedder.EclipseLogger - skip non existing resourceDirectory D:\Users\GERARD ESTUDIOS\MIS ESTUDIOS\CARRERAS\CIBERTEC\CICLO 04\LENGUAJE PROGRAMACIÓN II\PROYECTOS_DE_CLASE\GERARD_LP2_MAVEN - copia\ProyectoMavenJPAPresencial-main\src\main\resources
2024-10-12 17:51:33,292 [Worker-2] WARN  o.e.m.c.i.embedder.EclipseLogger - Using platform encoding (Cp1252 actually) to copy filtered resources, i.e. build is platform dependent!
2024-10-12 17:51:33,302 [Worker-2] INFO  o.e.m.c.i.embedder.EclipseLogger - skip non existing resourceDirectory D:\Users\GERARD ESTUDIOS\MIS ESTUDIOS\CARRERAS\CIBERTEC\CICLO 04\LENGUAJE PROGRAMACIÓN II\PROYECTOS_DE_CLASE\GERARD_LP2_MAVEN - copia\ProyectoMavenJPAPresencial-main\src\test\resources
